app/build/intermediates/manifest_merge_blame_file/debug/manifest-merger-blame-debug-report.txt
1<?xml version="1.0" encoding="utf-8"?>
2<manifest xmlns:android="http://schemas.android.com/apk/res/android"
3    package="com.smartspend.ai"
4    android:versionCode="1"
5    android:versionName="1.0" >
6
7    <uses-sdk
8        android:minSdkVersion="26"
9        android:targetSdkVersion="34" />
10
11    <!-- Permissions -->
12    <uses-permission android:name="android.permission.INTERNET" />
12-->src\main\AndroidManifest.xml:6:5-67
12-->src\main\AndroidManifest.xml:6:22-64
13    <uses-permission android:name="android.permission.CAMERA" />
13-->src\main\AndroidManifest.xml:7:5-65
13-->src\main\AndroidManifest.xml:7:22-62
14    <uses-permission
14-->src\main\AndroidManifest.xml:8:5-9:38
15        android:name="android.permission.READ_EXTERNAL_STORAGE"
15-->src\main\AndroidManifest.xml:8:22-77
16        android:maxSdkVersion="32" />
16-->src\main\AndroidManifest.xml:9:9-35
17    <uses-permission android:name="android.permission.READ_MEDIA_IMAGES" />
17-->src\main\AndroidManifest.xml:10:5-76
17-->src\main\AndroidManifest.xml:10:22-73
18    <uses-permission
18-->src\main\AndroidManifest.xml:11:5-12:38
19        android:name="android.permission.WRITE_EXTERNAL_STORAGE"
19-->src\main\AndroidManifest.xml:11:22-78
20        android:maxSdkVersion="28" />
20-->src\main\AndroidManifest.xml:12:9-35
21    <uses-permission android:name="android.permission.USE_BIOMETRIC" />
21-->src\main\AndroidManifest.xml:13:5-72
21-->src\main\AndroidManifest.xml:13:22-69
22    <uses-permission android:name="android.permission.USE_FINGERPRINT" />
22-->src\main\AndroidManifest.xml:14:5-74
22-->src\main\AndroidManifest.xml:14:22-71
23    <uses-permission android:name="android.permission.RECORD_AUDIO" />
23-->src\main\AndroidManifest.xml:15:5-71
23-->src\main\AndroidManifest.xml:15:22-68
24    <uses-permission android:name="android.permission.POST_NOTIFICATIONS" />
24-->src\main\AndroidManifest.xml:16:5-77
24-->src\main\AndroidManifest.xml:16:22-74
25    <uses-permission android:name="android.permission.VIBRATE" />
25-->src\main\AndroidManifest.xml:17:5-66
25-->src\main\AndroidManifest.xml:17:22-63
26    <uses-permission android:name="android.permission.RECEIVE_BOOT_COMPLETED" />
26-->src\main\AndroidManifest.xml:18:5-81
26-->src\main\AndroidManifest.xml:18:22-78
27    <uses-permission android:name="android.permission.ACCESS_NETWORK_STATE" />
27-->src\main\AndroidManifest.xml:19:5-79
27-->src\main\AndroidManifest.xml:19:22-76
28
29    <uses-feature
29-->src\main\AndroidManifest.xml:21:5-23:36
30        android:name="android.hardware.camera"
30-->src\main\AndroidManifest.xml:22:9-47
31        android:required="false" />
31-->src\main\AndroidManifest.xml:23:9-33
32
33    <queries>
33-->[androidx.camera:camera-extensions:1.3.1] AndroidManifest.xml:22:5-26:15
34        <intent>
34-->[androidx.camera:camera-extensions:1.3.1] AndroidManifest.xml:23:9-25:18
35            <action android:name="androidx.camera.extensions.action.VENDOR_ACTION" />
35-->[androidx.camera:camera-extensions:1.3.1] AndroidManifest.xml:24:13-86
35-->[androidx.camera:camera-extensions:1.3.1] AndroidManifest.xml:24:21-83
36        </intent>
37    </queries>
38
39    <uses-permission android:name="android.permission.WAKE_LOCK" />
39-->[androidx.work:work-runtime:2.9.0] AndroidManifest.xml:23:5-68
39-->[androidx.work:work-runtime:2.9.0] AndroidManifest.xml:23:22-65
40    <uses-permission android:name="android.permission.FOREGROUND_SERVICE" />
40-->[androidx.work:work-runtime:2.9.0] AndroidManifest.xml:26:5-77
40-->[androidx.work:work-runtime:2.9.0] AndroidManifest.xml:26:22-74
41    <uses-permission android:name="com.google.android.finsky.permission.BIND_GET_INSTALL_REFERRER_SERVICE" />
41-->[com.google.android.gms:play-services-measurement:23.2.0] AndroidManifest.xml:26:5-110
41-->[com.google.android.gms:play-services-measurement:23.2.0] AndroidManifest.xml:26:22-107
42    <uses-permission android:name="com.google.android.gms.permission.AD_ID" />
42-->[com.google.android.gms:play-services-measurement-api:23.2.0] AndroidManifest.xml:25:5-79
42-->[com.google.android.gms:play-services-measurement-api:23.2.0] AndroidManifest.xml:25:22-76
43    <uses-permission android:name="android.permission.ACCESS_ADSERVICES_ATTRIBUTION" />
43-->[com.google.android.gms:play-services-measurement-api:23.2.0] AndroidManifest.xml:26:5-88
43-->[com.google.android.gms:play-services-measurement-api:23.2.0] AndroidManifest.xml:26:22-85
44    <uses-permission android:name="android.permission.ACCESS_ADSERVICES_AD_ID" />
44-->[com.google.android.gms:play-services-measurement-api:23.2.0] AndroidManifest.xml:27:5-82
44-->[com.google.android.gms:play-services-measurement-api:23.2.0] AndroidManifest.xml:27:22-79
45    <uses-permission android:name="com.google.android.providers.gsf.permission.READ_GSERVICES" />
45-->[com.google.android.recaptcha:recaptcha:18.6.1] AndroidManifest.xml:9:5-98
45-->[com.google.android.recaptcha:recaptcha:18.6.1] AndroidManifest.xml:9:22-95
46
47    <permission
47-->[androidx.core:core:1.12.0] AndroidManifest.xml:22:5-24:47
48        android:name="com.smartspend.ai.DYNAMIC_RECEIVER_NOT_EXPORTED_PERMISSION"
48-->[androidx.core:core:1.12.0] AndroidManifest.xml:23:9-81
49        android:protectionLevel="signature" />
49-->[androidx.core:core:1.12.0] AndroidManifest.xml:24:9-44
50
51    <uses-permission android:name="com.smartspend.ai.DYNAMIC_RECEIVER_NOT_EXPORTED_PERMISSION" />
51-->[androidx.core:core:1.12.0] AndroidManifest.xml:26:5-97
51-->[androidx.core:core:1.12.0] AndroidManifest.xml:26:22-94
52
53    <application
53-->src\main\AndroidManifest.xml:25:5-111:19
54        android:name="com.smartspend.ai.SmartSpendApp"
54-->src\main\AndroidManifest.xml:26:9-38
55        android:allowBackup="true"
55-->src\main\AndroidManifest.xml:27:9-35
56        android:appComponentFactory="androidx.core.app.CoreComponentFactory"
56-->[androidx.core:core:1.12.0] AndroidManifest.xml:28:18-86
57        android:dataExtractionRules="@xml/data_extraction_rules"
57-->src\main\AndroidManifest.xml:28:9-65
58        android:debuggable="true"
59        android:extractNativeLibs="false"
60        android:fullBackupContent="@xml/backup_rules"
60-->src\main\AndroidManifest.xml:29:9-54
61        android:hardwareAccelerated="true"
61-->src\main\AndroidManifest.xml:35:9-43
62        android:icon="@mipmap/ic_launcher"
62-->src\main\AndroidManifest.xml:30:9-43
63        android:label="@string/app_name"
63-->src\main\AndroidManifest.xml:31:9-41
64        android:roundIcon="@mipmap/ic_launcher_round"
64-->src\main\AndroidManifest.xml:32:9-54
65        android:supportsRtl="true"
65-->src\main\AndroidManifest.xml:33:9-35
66        android:testOnly="true"
67        android:theme="@style/Theme.SmartSpendAI" >
67-->src\main\AndroidManifest.xml:34:9-50
68
69        <!-- Splash / Auth -->
70        <activity
70-->src\main\AndroidManifest.xml:39:9-48:20
71            android:name="com.smartspend.ai.activities.SplashActivity"
71-->src\main\AndroidManifest.xml:40:13-54
72            android:exported="true"
72-->src\main\AndroidManifest.xml:41:13-36
73            android:screenOrientation="portrait"
73-->src\main\AndroidManifest.xml:43:13-49
74            android:theme="@style/Theme.SmartSpendAI.Splash" >
74-->src\main\AndroidManifest.xml:42:13-61
75            <intent-filter>
75-->src\main\AndroidManifest.xml:44:13-47:29
76                <action android:name="android.intent.action.MAIN" />
76-->src\main\AndroidManifest.xml:45:17-69
76-->src\main\AndroidManifest.xml:45:25-66
77
78                <category android:name="android.intent.category.LAUNCHER" />
78-->src\main\AndroidManifest.xml:46:17-77
78-->src\main\AndroidManifest.xml:46:27-74
79            </intent-filter>
80        </activity>
81        <activity
81-->src\main\AndroidManifest.xml:50:9-54:62
82            android:name="com.smartspend.ai.activities.AuthActivity"
82-->src\main\AndroidManifest.xml:51:13-52
83            android:exported="false"
83-->src\main\AndroidManifest.xml:52:13-37
84            android:screenOrientation="portrait"
84-->src\main\AndroidManifest.xml:53:13-49
85            android:theme="@style/Theme.SmartSpendAI.Auth" />
85-->src\main\AndroidManifest.xml:54:13-59
86        <activity
86-->src\main\AndroidManifest.xml:56:9-60:58
87            android:name="com.smartspend.ai.activities.MainActivity"
87-->src\main\AndroidManifest.xml:57:13-52
88            android:exported="false"
88-->src\main\AndroidManifest.xml:58:13-37
89            android:screenOrientation="portrait"
89-->src\main\AndroidManifest.xml:59:13-49
90            android:windowSoftInputMode="adjustResize" />
90-->src\main\AndroidManifest.xml:60:13-55
91        <activity
91-->src\main\AndroidManifest.xml:62:9-66:58
92            android:name="com.smartspend.ai.activities.AddExpenseActivity"
92-->src\main\AndroidManifest.xml:63:13-58
93            android:exported="false"
93-->src\main\AndroidManifest.xml:64:13-37
94            android:screenOrientation="portrait"
94-->src\main\AndroidManifest.xml:65:13-49
95            android:windowSoftInputMode="adjustResize" />
95-->src\main\AndroidManifest.xml:66:13-55
96        <activity
96-->src\main\AndroidManifest.xml:68:9-71:52
97            android:name="com.smartspend.ai.activities.ReceiptScannerActivity"
97-->src\main\AndroidManifest.xml:69:13-62
98            android:exported="false"
98-->src\main\AndroidManifest.xml:70:13-37
99            android:screenOrientation="portrait" />
99-->src\main\AndroidManifest.xml:71:13-49
100        <activity
100-->src\main\AndroidManifest.xml:73:9-76:52
101            android:name="com.smartspend.ai.activities.ExpenseDetailActivity"
101-->src\main\AndroidManifest.xml:74:13-61
102            android:exported="false"
102-->src\main\AndroidManifest.xml:75:13-37
103            android:screenOrientation="portrait" />
103-->src\main\AndroidManifest.xml:76:13-49
104        <activity
104-->src\main\AndroidManifest.xml:78:9-81:52
105            android:name="com.smartspend.ai.activities.SettingsActivity"
105-->src\main\AndroidManifest.xml:79:13-56
106            android:exported="false"
106-->src\main\AndroidManifest.xml:80:13-37
107            android:screenOrientation="portrait" />
107-->src\main\AndroidManifest.xml:81:13-49
108        <activity
108-->src\main\AndroidManifest.xml:83:9-87:62
109            android:name="com.smartspend.ai.activities.OnboardingActivity"
109-->src\main\AndroidManifest.xml:84:13-58
110            android:exported="false"
110-->src\main\AndroidManifest.xml:85:13-37
111            android:screenOrientation="portrait"
111-->src\main\AndroidManifest.xml:86:13-49
112            android:theme="@style/Theme.SmartSpendAI.Auth" />
112-->src\main\AndroidManifest.xml:87:13-59
113
114        <!-- WorkManager -->
115        <provider
116            android:name="androidx.startup.InitializationProvider"
116-->src\main\AndroidManifest.xml:91:13-67
117            android:authorities="com.smartspend.ai.androidx-startup"
117-->src\main\AndroidManifest.xml:92:13-68
118            android:exported="false" >
118-->src\main\AndroidManifest.xml:93:13-37
119            <meta-data
119-->src\main\AndroidManifest.xml:95:13-97:52
120                android:name="androidx.work.WorkManagerInitializer"
120-->src\main\AndroidManifest.xml:96:17-68
121                android:value="androidx.startup" />
121-->src\main\AndroidManifest.xml:97:17-49
122            <meta-data
122-->[androidx.emoji2:emoji2:1.2.0] AndroidManifest.xml:29:13-31:52
123                android:name="androidx.emoji2.text.EmojiCompatInitializer"
123-->[androidx.emoji2:emoji2:1.2.0] AndroidManifest.xml:30:17-75
124                android:value="androidx.startup" />
124-->[androidx.emoji2:emoji2:1.2.0] AndroidManifest.xml:31:17-49
125            <meta-data
125-->[androidx.lifecycle:lifecycle-process:2.7.0] AndroidManifest.xml:29:13-31:52
126                android:name="androidx.lifecycle.ProcessLifecycleInitializer"
126-->[androidx.lifecycle:lifecycle-process:2.7.0] AndroidManifest.xml:30:17-78
127                android:value="androidx.startup" />
127-->[androidx.lifecycle:lifecycle-process:2.7.0] AndroidManifest.xml:31:17-49
128            <meta-data
128-->[androidx.profileinstaller:profileinstaller:1.3.0] AndroidManifest.xml:29:13-31:52
129                android:name="androidx.profileinstaller.ProfileInstallerInitializer"
129-->[androidx.profileinstaller:profileinstaller:1.3.0] AndroidManifest.xml:30:17-85
130                android:value="androidx.startup" />
130-->[androidx.profileinstaller:profileinstaller:1.3.0] AndroidManifest.xml:31:17-49
131        </provider>
132
133        <!-- File Provider for Camera -->
134        <provider
135            android:name="androidx.core.content.FileProvider"
135-->src\main\AndroidManifest.xml:102:13-62
136            android:authorities="com.smartspend.ai.fileprovider"
136-->src\main\AndroidManifest.xml:103:13-64
137            android:exported="false"
137-->src\main\AndroidManifest.xml:104:13-37
138            android:grantUriPermissions="true" >
138-->src\main\AndroidManifest.xml:105:13-47
139            <meta-data
139-->src\main\AndroidManifest.xml:106:13-108:54
140                android:name="android.support.FILE_PROVIDER_PATHS"
140-->src\main\AndroidManifest.xml:107:17-67
141                android:resource="@xml/file_paths" />
141-->src\main\AndroidManifest.xml:108:17-51
142        </provider>
143
144        <!--
145        Service for holding metadata. Cannot be instantiated.
146        Metadata will be merged from other manifests.
147        -->
148        <service
148-->[androidx.camera:camera-core:1.3.1] AndroidManifest.xml:29:9-33:78
149            android:name="androidx.camera.core.impl.MetadataHolderService"
149-->[androidx.camera:camera-core:1.3.1] AndroidManifest.xml:30:13-75
150            android:enabled="false"
150-->[androidx.camera:camera-core:1.3.1] AndroidManifest.xml:31:13-36
151            android:exported="false" >
151-->[androidx.camera:camera-core:1.3.1] AndroidManifest.xml:32:13-37
152            <meta-data
152-->[androidx.camera:camera-camera2:1.3.1] AndroidManifest.xml:30:13-32:89
153                android:name="androidx.camera.core.impl.MetadataHolderService.DEFAULT_CONFIG_PROVIDER"
153-->[androidx.camera:camera-camera2:1.3.1] AndroidManifest.xml:31:17-103
154                android:value="androidx.camera.camera2.Camera2Config$DefaultProvider" />
154-->[androidx.camera:camera-camera2:1.3.1] AndroidManifest.xml:32:17-86
155        </service>
156
157        <uses-library
157-->[androidx.camera:camera-extensions:1.3.1] AndroidManifest.xml:29:9-31:40
158            android:name="androidx.camera.extensions.impl"
158-->[androidx.camera:camera-extensions:1.3.1] AndroidManifest.xml:30:13-59
159            android:required="false" />
159-->[androidx.camera:camera-extensions:1.3.1] AndroidManifest.xml:31:13-37
160
161        <service
161-->[androidx.work:work-runtime:2.9.0] AndroidManifest.xml:39:9-45:35
162            android:name="androidx.work.impl.background.systemalarm.SystemAlarmService"
162-->[androidx.work:work-runtime:2.9.0] AndroidManifest.xml:40:13-88
163            android:directBootAware="false"
163-->[androidx.work:work-runtime:2.9.0] AndroidManifest.xml:41:13-44
164            android:enabled="@bool/enable_system_alarm_service_default"
164-->[androidx.work:work-runtime:2.9.0] AndroidManifest.xml:42:13-72
165            android:exported="false" />
165-->[androidx.work:work-runtime:2.9.0] AndroidManifest.xml:43:13-37
166        <service
166-->[androidx.work:work-runtime:2.9.0] AndroidManifest.xml:46:9-52:35
167            android:name="androidx.work.impl.background.systemjob.SystemJobService"
167-->[androidx.work:work-runtime:2.9.0] AndroidManifest.xml:47:13-84
168            android:directBootAware="false"
168-->[androidx.work:work-runtime:2.9.0] AndroidManifest.xml:48:13-44
169            android:enabled="@bool/enable_system_job_service_default"
169-->[androidx.work:work-runtime:2.9.0] AndroidManifest.xml:49:13-70
170            android:exported="true"
170-->[androidx.work:work-runtime:2.9.0] AndroidManifest.xml:50:13-36
171            android:permission="android.permission.BIND_JOB_SERVICE" />
171-->[androidx.work:work-runtime:2.9.0] AndroidManifest.xml:51:13-69
172        <service
172-->[androidx.work:work-runtime:2.9.0] AndroidManifest.xml:53:9-59:35
173            android:name="androidx.work.impl.foreground.SystemForegroundService"
173-->[androidx.work:work-runtime:2.9.0] AndroidManifest.xml:54:13-81
174            android:directBootAware="false"
174-->[androidx.work:work-runtime:2.9.0] AndroidManifest.xml:55:13-44
175            android:enabled="@bool/enable_system_foreground_service_default"
175-->[androidx.work:work-runtime:2.9.0] AndroidManifest.xml:56:13-77
176            android:exported="false" />
176-->[androidx.work:work-runtime:2.9.0] AndroidManifest.xml:57:13-37
177
178        <receiver
178-->[androidx.work:work-runtime:2.9.0] AndroidManifest.xml:61:9-66:35
179            android:name="androidx.work.impl.utils.ForceStopRunnable$BroadcastReceiver"
179-->[androidx.work:work-runtime:2.9.0] AndroidManifest.xml:62:13-88
180            android:directBootAware="false"
180-->[androidx.work:work-runtime:2.9.0] AndroidManifest.xml:63:13-44
181            android:enabled="true"
181-->[androidx.work:work-runtime:2.9.0] AndroidManifest.xml:64:13-35
182            android:exported="false" />
182-->[androidx.work:work-runtime:2.9.0] AndroidManifest.xml:65:13-37
183        <receiver
183-->[androidx.work:work-runtime:2.9.0] AndroidManifest.xml:67:9-77:20
184            android:name="androidx.work.impl.background.systemalarm.ConstraintProxy$BatteryChargingProxy"
184-->[androidx.work:work-runtime:2.9.0] AndroidManifest.xml:68:13-106
185            android:directBootAware="false"
185-->[androidx.work:work-runtime:2.9.0] AndroidManifest.xml:69:13-44
186            android:enabled="false"
186-->[androidx.work:work-runtime:2.9.0] AndroidManifest.xml:70:13-36
187            android:exported="false" >
187-->[androidx.work:work-runtime:2.9.0] AndroidManifest.xml:71:13-37
188            <intent-filter>
188-->[androidx.work:work-runtime:2.9.0] AndroidManifest.xml:73:13-76:29
189                <action android:name="android.intent.action.ACTION_POWER_CONNECTED" />
189-->[androidx.work:work-runtime:2.9.0] AndroidManifest.xml:74:17-87
189-->[androidx.work:work-runtime:2.9.0] AndroidManifest.xml:74:25-84
190                <action android:name="android.intent.action.ACTION_POWER_DISCONNECTED" />
190-->[androidx.work:work-runtime:2.9.0] AndroidManifest.xml:75:17-90
190-->[androidx.work:work-runtime:2.9.0] AndroidManifest.xml:75:25-87
191            </intent-filter>
192        </receiver>
193        <receiver
193-->[androidx.work:work-runtime:2.9.0] AndroidManifest.xml:78:9-88:20
194            android:name="androidx.work.impl.background.systemalarm.ConstraintProxy$BatteryNotLowProxy"
194-->[androidx.work:work-runtime:2.9.0] AndroidManifest.xml:79:13-104
195            android:directBootAware="false"
195-->[androidx.work:work-runtime:2.9.0] AndroidManifest.xml:80:13-44
196            android:enabled="false"
196-->[androidx.work:work-runtime:2.9.0] AndroidManifest.xml:81:13-36
197            android:exported="false" >
197-->[androidx.work:work-runtime:2.9.0] AndroidManifest.xml:82:13-37
198            <intent-filter>
198-->[androidx.work:work-runtime:2.9.0] AndroidManifest.xml:84:13-87:29
199                <action android:name="android.intent.action.BATTERY_OKAY" />
199-->[androidx.work:work-runtime:2.9.0] AndroidManifest.xml:85:17-77
199-->[androidx.work:work-runtime:2.9.0] AndroidManifest.xml:85:25-74
200                <action android:name="android.intent.action.BATTERY_LOW" />
200-->[androidx.work:work-runtime:2.9.0] AndroidManifest.xml:86:17-76
200-->[androidx.work:work-runtime:2.9.0] AndroidManifest.xml:86:25-73
201            </intent-filter>
202        </receiver>
203        <receiver
203-->[androidx.work:work-runtime:2.9.0] AndroidManifest.xml:89:9-99:20
204            android:name="androidx.work.impl.background.systemalarm.ConstraintProxy$StorageNotLowProxy"
204-->[androidx.work:work-runtime:2.9.0] AndroidManifest.xml:90:13-104
205            android:directBootAware="false"
205-->[androidx.work:work-runtime:2.9.0] AndroidManifest.xml:91:13-44
206            android:enabled="false"
206-->[androidx.work:work-runtime:2.9.0] AndroidManifest.xml:92:13-36
207            android:exported="false" >
207-->[androidx.work:work-runtime:2.9.0] AndroidManifest.xml:93:13-37
208            <intent-filter>
208-->[androidx.work:work-runtime:2.9.0] AndroidManifest.xml:95:13-98:29
209                <action android:name="android.intent.action.DEVICE_STORAGE_LOW" />
209-->[androidx.work:work-runtime:2.9.0] AndroidManifest.xml:96:17-83
209-->[androidx.work:work-runtime:2.9.0] AndroidManifest.xml:96:25-80
210                <action android:name="android.intent.action.DEVICE_STORAGE_OK" />
210-->[androidx.work:work-runtime:2.9.0] AndroidManifest.xml:97:17-82
210-->[androidx.work:work-runtime:2.9.0] AndroidManifest.xml:97:25-79
211            </intent-filter>
212        </receiver>
213        <receiver
213-->[androidx.work:work-runtime:2.9.0] AndroidManifest.xml:100:9-109:20
214            android:name="androidx.work.impl.background.systemalarm.ConstraintProxy$NetworkStateProxy"
214-->[androidx.work:work-runtime:2.9.0] AndroidManifest.xml:101:13-103
215            android:directBootAware="false"
215-->[androidx.work:work-runtime:2.9.0] AndroidManifest.xml:102:13-44
216            android:enabled="false"
216-->[androidx.work:work-runtime:2.9.0] AndroidManifest.xml:103:13-36
217            android:exported="false" >
217-->[androidx.work:work-runtime:2.9.0] AndroidManifest.xml:104:13-37
218            <intent-filter>
218-->[androidx.work:work-runtime:2.9.0] AndroidManifest.xml:106:13-108:29
219                <action android:name="android.net.conn.CONNECTIVITY_CHANGE" />
219-->[androidx.work:work-runtime:2.9.0] AndroidManifest.xml:107:17-79
219-->[androidx.work:work-runtime:2.9.0] AndroidManifest.xml:107:25-76
220            </intent-filter>
221        </receiver>
222        <receiver
222-->[androidx.work:work-runtime:2.9.0] AndroidManifest.xml:110:9-121:20
223            android:name="androidx.work.impl.background.systemalarm.RescheduleReceiver"
223-->[androidx.work:work-runtime:2.9.0] AndroidManifest.xml:111:13-88
224            android:directBootAware="false"
224-->[androidx.work:work-runtime:2.9.0] AndroidManifest.xml:112:13-44
225            android:enabled="false"
225-->[androidx.work:work-runtime:2.9.0] AndroidManifest.xml:113:13-36
226            android:exported="false" >
226-->[androidx.work:work-runtime:2.9.0] AndroidManifest.xml:114:13-37
227            <intent-filter>
227-->[androidx.work:work-runtime:2.9.0] AndroidManifest.xml:116:13-120:29
228                <action android:name="android.intent.action.BOOT_COMPLETED" />
228-->[androidx.work:work-runtime:2.9.0] AndroidManifest.xml:117:17-79
228-->[androidx.work:work-runtime:2.9.0] AndroidManifest.xml:117:25-76
229                <action android:name="android.intent.action.TIME_SET" />
229-->[androidx.work:work-runtime:2.9.0] AndroidManifest.xml:118:17-73
229-->[androidx.work:work-runtime:2.9.0] AndroidManifest.xml:118:25-70
230                <action android:name="android.intent.action.TIMEZONE_CHANGED" />
230-->[androidx.work:work-runtime:2.9.0] AndroidManifest.xml:119:17-81
230-->[androidx.work:work-runtime:2.9.0] AndroidManifest.xml:119:25-78
231            </intent-filter>
232        </receiver>
233        <receiver
233-->[androidx.work:work-runtime:2.9.0] AndroidManifest.xml:122:9-131:20
234            android:name="androidx.work.impl.background.systemalarm.ConstraintProxyUpdateReceiver"
234-->[androidx.work:work-runtime:2.9.0] AndroidManifest.xml:123:13-99
235            android:directBootAware="false"
235-->[androidx.work:work-runtime:2.9.0] AndroidManifest.xml:124:13-44
236            android:enabled="@bool/enable_system_alarm_service_default"
236-->[androidx.work:work-runtime:2.9.0] AndroidManifest.xml:125:13-72
237            android:exported="false" >
237-->[androidx.work:work-runtime:2.9.0] AndroidManifest.xml:126:13-37
238            <intent-filter>
238-->[androidx.work:work-runtime:2.9.0] AndroidManifest.xml:128:13-130:29
239                <action android:name="androidx.work.impl.background.systemalarm.UpdateProxies" />
239-->[androidx.work:work-runtime:2.9.0] AndroidManifest.xml:129:17-98
239-->[androidx.work:work-runtime:2.9.0] AndroidManifest.xml:129:25-95
240            </intent-filter>
241        </receiver>
242        <receiver
242-->[androidx.work:work-runtime:2.9.0] AndroidManifest.xml:132:9-142:20
243            android:name="androidx.work.impl.diagnostics.DiagnosticsReceiver"
243-->[androidx.work:work-runtime:2.9.0] AndroidManifest.xml:133:13-78
244            android:directBootAware="false"
244-->[androidx.work:work-runtime:2.9.0] AndroidManifest.xml:134:13-44
245            android:enabled="true"
245-->[androidx.work:work-runtime:2.9.0] AndroidManifest.xml:135:13-35
246            android:exported="true"
246-->[androidx.work:work-runtime:2.9.0] AndroidManifest.xml:136:13-36
247            android:permission="android.permission.DUMP" >
247-->[androidx.work:work-runtime:2.9.0] AndroidManifest.xml:137:13-57
248            <intent-filter>
248-->[androidx.work:work-runtime:2.9.0] AndroidManifest.xml:139:13-141:29
249                <action android:name="androidx.work.diagnostics.REQUEST_DIAGNOSTICS" />
249-->[androidx.work:work-runtime:2.9.0] AndroidManifest.xml:140:17-88
249-->[androidx.work:work-runtime:2.9.0] AndroidManifest.xml:140:25-85
250            </intent-filter>
251        </receiver>
252
253        <activity
253-->[com.google.firebase:firebase-auth:24.1.0] AndroidManifest.xml:29:9-46:20
254            android:name="com.google.firebase.auth.internal.GenericIdpActivity"
254-->[com.google.firebase:firebase-auth:24.1.0] AndroidManifest.xml:30:13-80
255            android:excludeFromRecents="true"
255-->[com.google.firebase:firebase-auth:24.1.0] AndroidManifest.xml:31:13-46
256            android:exported="true"
256-->[com.google.firebase:firebase-auth:24.1.0] AndroidManifest.xml:32:13-36
257            android:launchMode="singleTask"
257-->[com.google.firebase:firebase-auth:24.1.0] AndroidManifest.xml:33:13-44
258            android:theme="@android:style/Theme.Translucent.NoTitleBar" >
258-->[com.google.firebase:firebase-auth:24.1.0] AndroidManifest.xml:34:13-72
259            <intent-filter>
259-->[com.google.firebase:firebase-auth:24.1.0] AndroidManifest.xml:35:13-45:29
260                <action android:name="android.intent.action.VIEW" />
260-->[com.google.firebase:firebase-auth:24.1.0] AndroidManifest.xml:36:17-69
260-->[com.google.firebase:firebase-auth:24.1.0] AndroidManifest.xml:36:25-66
261
262                <category android:name="android.intent.category.DEFAULT" />
262-->[com.google.firebase:firebase-auth:24.1.0] AndroidManifest.xml:38:17-76
262-->[com.google.firebase:firebase-auth:24.1.0] AndroidManifest.xml:38:27-73
263                <category android:name="android.intent.category.BROWSABLE" />
263-->[com.google.firebase:firebase-auth:24.1.0] AndroidManifest.xml:39:17-78
263-->[com.google.firebase:firebase-auth:24.1.0] AndroidManifest.xml:39:27-75
264
265                <data
265-->[com.google.firebase:firebase-auth:24.1.0] AndroidManifest.xml:41:17-44:51
266                    android:host="firebase.auth"
266-->[com.google.firebase:firebase-auth:24.1.0] AndroidManifest.xml:42:21-49
267                    android:path="/"
267-->[com.google.firebase:firebase-auth:24.1.0] AndroidManifest.xml:43:21-37
268                    android:scheme="genericidp" />
268-->[com.google.firebase:firebase-auth:24.1.0] AndroidManifest.xml:44:21-48
269            </intent-filter>
270        </activity>
271        <activity
271-->[com.google.firebase:firebase-auth:24.1.0] AndroidManifest.xml:47:9-64:20
272            android:name="com.google.firebase.auth.internal.RecaptchaActivity"
272-->[com.google.firebase:firebase-auth:24.1.0] AndroidManifest.xml:48:13-79
273            android:excludeFromRecents="true"
273-->[com.google.firebase:firebase-auth:24.1.0] AndroidManifest.xml:49:13-46
274            android:exported="true"
274-->[com.google.firebase:firebase-auth:24.1.0] AndroidManifest.xml:50:13-36
275            android:launchMode="singleTask"
275-->[com.google.firebase:firebase-auth:24.1.0] AndroidManifest.xml:51:13-44
276            android:theme="@android:style/Theme.Translucent.NoTitleBar" >
276-->[com.google.firebase:firebase-auth:24.1.0] AndroidManifest.xml:52:13-72
277            <intent-filter>
277-->[com.google.firebase:firebase-auth:24.1.0] AndroidManifest.xml:53:13-63:29
278                <action android:name="android.intent.action.VIEW" />
278-->[com.google.firebase:firebase-auth:24.1.0] AndroidManifest.xml:36:17-69
278-->[com.google.firebase:firebase-auth:24.1.0] AndroidManifest.xml:36:25-66
279
280                <category android:name="android.intent.category.DEFAULT" />
280-->[com.google.firebase:firebase-auth:24.1.0] AndroidManifest.xml:38:17-76
280-->[com.google.firebase:firebase-auth:24.1.0] AndroidManifest.xml:38:27-73
281                <category android:name="android.intent.category.BROWSABLE" />
281-->[com.google.firebase:firebase-auth:24.1.0] AndroidManifest.xml:39:17-78
281-->[com.google.firebase:firebase-auth:24.1.0] AndroidManifest.xml:39:27-75
282
283                <data
283-->[com.google.firebase:firebase-auth:24.1.0] AndroidManifest.xml:41:17-44:51
284                    android:host="firebase.auth"
284-->[com.google.firebase:firebase-auth:24.1.0] AndroidManifest.xml:42:21-49
285                    android:path="/"
285-->[com.google.firebase:firebase-auth:24.1.0] AndroidManifest.xml:43:21-37
286                    android:scheme="recaptcha" />
286-->[com.google.firebase:firebase-auth:24.1.0] AndroidManifest.xml:44:21-48
287            </intent-filter>
288        </activity>
289